<?xml version="1.0" encoding="UTF-8"?>
<!-- Generated by org.testng.reporters.JUnitReportReporter -->
<testsuite hostname="Raga" failures="0" tests="5" name="com.juaracoding.swaglabs.AuthenticationTest" time="89.914" errors="0" timestamp="2025-08-13T15:09:22 WIB" skipped="0">
  <testcase classname="com.juaracoding.swaglabs.AuthenticationTest" name="loginTest" time="16.985"/>
  <testcase classname="com.juaracoding.swaglabs.AuthenticationTest" name="loginTest" time="12.934"/>
  <testcase classname="com.juaracoding.swaglabs.AuthenticationTest" name="loginTest" time="20.357"/>
  <testcase classname="com.juaracoding.swaglabs.AuthenticationTest" name="loginTest" time="20.572"/>
  <testcase classname="com.juaracoding.swaglabs.AuthenticationTest" name="loginTest" time="19.066"/>
</testsuite> <!-- com.juaracoding.swaglabs.AuthenticationTest -->
