<?xml version="1.0" encoding="UTF-8"?>
<!-- Generated by org.testng.reporters.JUnitReportReporter -->
<testsuite hostname="Raga" failures="0" tests="5" name="com.juaracoding.swaglabs.AuthenticationTest" time="66.697" errors="0" timestamp="2025-08-12T16:01:49 WIB" skipped="0">
  <testcase classname="com.juaracoding.swaglabs.AuthenticationTest" name="loginTest" time="20.337"/>
  <testcase classname="com.juaracoding.swaglabs.AuthenticationTest" name="loginTest" time="12.214"/>
  <testcase classname="com.juaracoding.swaglabs.AuthenticationTest" name="loginTest" time="11.427"/>
  <testcase classname="com.juaracoding.swaglabs.AuthenticationTest" name="loginTest" time="12.515"/>
  <testcase classname="com.juaracoding.swaglabs.AuthenticationTest" name="loginTest" time="10.204"/>
</testsuite> <!-- com.juaracoding.swaglabs.AuthenticationTest -->
